<?xml version="1.0" encoding="UTF-8" ?>
<testsuite errors="0" skipped="0" tests="6" time="1.045" failures="0" name="org.qi4j.entitystore.rmi.RmiEntityStoreTest">
  <properties>
[...]
</properties>
  <testcase classname="org.qi4j.entitystore.rmi.RmiEntityStoreTest" time="0.56" name="whenNewEntityThenCanFindEntity"/>
  <testcase classname="org.qi4j.entitystore.rmi.RmiEntityStoreTest" time="0.087" name="whenRemovedEntityThenCannotFindEntity"/>
  <testcase classname="org.qi4j.entitystore.rmi.RmiEntityStoreTest" time="0.124" name="givenEntityIsNotModifiedWhenUnitOfWorkCompletesThenDontStoreState"/>
  <testcase classname="org.qi4j.entitystore.rmi.RmiEntityStoreTest" time="0.087" name="givenPropertyIsModifiedWhenUnitOfWorkCompletesThenStoreState"/>
  <testcase classname="org.qi4j.entitystore.rmi.RmiEntityStoreTest" time="0.064" name="givenManyAssociationIsModifiedWhenUnitOfWorkCompletesThenStoreState"/>
  <testcase classname="org.qi4j.entitystore.rmi.RmiEntityStoreTest" time="0.098" name="givenConcurrentUnitOfWorksWhenUoWCompletesThenCheckConcurrentModification"/>
</testsuite>